This is pdfTeX, Version 3.14159-1.10b (Web2C 7.4.5) (format=pdflatex 2005.10.11)  24 MAY 2010 12:07
**examrevision.tex
(./examrevision.tex{/sw/share/texmf/pdftex/config/pdftex.cfg}
LaTeX2e <2001/06/01>
Babel <v3.7h> and hyphenation patterns for american, french, german, ngerman, n
ohyphenation, loaded.
(/sw/share/texmf/tex/latex/base/article.cls
Document Class: article 2001/04/21 v1.4e Standard LaTeX document class
(/sw/share/texmf/tex/latex/base/size10.clo
File: size10.clo 2001/04/21 v1.4e Standard LaTeX file (size option)
)
\c@part=\count79
\c@section=\count80
\c@subsection=\count81
\c@subsubsection=\count82
\c@paragraph=\count83
\c@subparagraph=\count84
\c@figure=\count85
\c@table=\count86
\abovecaptionskip=\skip41
\belowcaptionskip=\skip42
\bibindent=\dimen102
)
(/sw/share/texmf/tex/latex/misc/a4wide.sty
Package: a4wide 1994/08/30

(/sw/share/texmf/tex/latex/ntgclass/a4.sty
Package: a4 1999/03/03 v1.2f A4 based page layout
))
(/sw/share/texmf/tex/latex/hyperref/hyperref.sty
Package: hyperref 2003/01/22 v6.73n Hypertext links for LaTeX

(/sw/share/texmf/tex/latex/graphics/keyval.sty
Package: keyval 1999/03/16 v1.13 key=value parser (DPC)
\KV@toks@=\toks14
)
\@linkdim=\dimen103
\Hy@linkcounter=\count87
\Hy@pagecounter=\count88

(/sw/share/texmf/tex/latex/hyperref/pd1enc.def
File: pd1enc.def 2003/01/22 v6.73n Hyperref: PDFDocEncoding definition (HO)
)
(/sw/share/texmf/tex/latex/config/hyperref.cfg
File: hyperref.cfg 2002/06/06 v1.2 hyperref configuration of TeXLive and teTeX
)
Package hyperref Info: Option `breaklinks' set `true' on input line 1744.
Package hyperref Info: Option `colorlinks' set `true' on input line 1744.
Package hyperref Info: Hyper figures OFF on input line 1792.
Package hyperref Info: Link nesting OFF on input line 1797.
Package hyperref Info: Hyper index ON on input line 1800.
Package hyperref Info: Plain pages ON on input line 1805.
Package hyperref Info: Backreferencing OFF on input line 1812.

Implicit mode ON; LaTeX internals redefined
Package hyperref Info: Bookmarks ON on input line 1916.
(/sw/share/texmf/tex/latex/misc/url.sty
\Urlmuskip=\muskip10
Package: url 1999/03/28  ver 1.5x  Verb mode for urls, etc.
)
LaTeX Info: Redefining \url on input line 2055.
\Fld@menulength=\count89
\Field@Width=\dimen104
\Fld@charsize=\dimen105
\Choice@toks=\toks15
\Field@toks=\toks16
Package hyperref Info: Hyper figures OFF on input line 2513.
Package hyperref Info: Link nesting OFF on input line 2518.
Package hyperref Info: Hyper index ON on input line 2521.
Package hyperref Info: backreferencing OFF on input line 2528.
Package hyperref Info: Link coloring ON on input line 2531.
\c@Item=\count90
\c@Hfootnote=\count91
)
*hyperref using default driver hpdftex*
(/sw/share/texmf/tex/latex/hyperref/hpdftex.def
File: hpdftex.def 2003/01/22 v6.73n Hyperref driver for pdfTeX

(/sw/share/texmf/tex/latex/psnfss/pifont.sty
Package: pifont 2002/09/08 PSNFSS-v9.0a Pi font support (SPQR) 
LaTeX Font Info:    Try loading font information for U+pzd on input line 62.

(/sw/share/texmf/tex/latex/psnfss/upzd.fd
File: upzd.fd 2001/06/04 font definitions for U/pzd.
)
LaTeX Font Info:    Try loading font information for U+psy on input line 63.

(/sw/share/texmf/tex/latex/psnfss/upsy.fd
File: upsy.fd 2001/06/04 font definitions for U/psy.
))
\Fld@listcount=\count92
\@outlinefile=\write3
) (./examrevision.aux)
\openout1 = `examrevision.aux'.

LaTeX Font Info:    Checking defaults for OML/cmm/m/it on input line 13.
LaTeX Font Info:    ... okay on input line 13.
LaTeX Font Info:    Checking defaults for T1/cmr/m/n on input line 13.
LaTeX Font Info:    ... okay on input line 13.
LaTeX Font Info:    Checking defaults for OT1/cmr/m/n on input line 13.
LaTeX Font Info:    ... okay on input line 13.
LaTeX Font Info:    Checking defaults for OMS/cmsy/m/n on input line 13.
LaTeX Font Info:    ... okay on input line 13.
LaTeX Font Info:    Checking defaults for OMX/cmex/m/n on input line 13.
LaTeX Font Info:    ... okay on input line 13.
LaTeX Font Info:    Checking defaults for U/cmr/m/n on input line 13.
LaTeX Font Info:    ... okay on input line 13.
LaTeX Font Info:    Checking defaults for PD1/pdf/m/n on input line 13.
LaTeX Font Info:    ... okay on input line 13.

(/sw/share/texmf/tex/latex/graphics/color.sty
Package: color 1999/02/16 v1.0i Standard LaTeX Color (DPC)

(/sw/share/texmf/tex/latex/config/color.cfg
File: color.cfg 2001/08/31 v1.1 color configuration of teTeX/TeXLive
)
Package color Info: Driver file: pdftex.def on input line 125.

(/sw/share/texmf/tex/latex/graphics/pdftex.def
File: pdftex.def 2002/06/19 v0.03k graphics/color for pdftex
\Gread@gobject=\count93

(/sw/share/texmf/tex/context/base/supp-pdf.tex
(/sw/share/texmf/tex/context/base/supp-mis.tex
loading : Context Support Macros / Missing
\protectiondepth=\count94
\scratchcounter=\count95
\scratchtoks=\toks17
\scratchdimen=\dimen106
\scratchskip=\skip43
\scratchmuskip=\muskip11
\scratchbox=\box26
\scratchread=\read1
\scratchwrite=\write4
\zeropoint=\dimen107
\minusone=\count96
\thousandpoint=\dimen108
\emptytoks=\toks18
\nextbox=\box27
\nextdepth=\dimen109
\everyline=\toks19
\!!counta=\count97
\!!countb=\count98
\recursecounter=\count99
)
loading : Context Support Macros / PDF
\nofMPsegments=\count100
\nofMParguments=\count101
\everyMPtoPDFconversion=\toks20
)))
Package hyperref Info: Link coloring ON on input line 13.
 (/sw/share/texmf/tex/latex/hyperref/nameref.sty
Package: nameref 2001/01/27 v2.19 Cross-referencing by name of section
\c@section@level=\count102
)
LaTeX Info: Redefining \ref on input line 13.
LaTeX Info: Redefining \pageref on input line 13.
 (./examrevision.out)
(./examrevision.out)
\openout3 = `examrevision.out'.

LaTeX Font Info:    External font `cmex10' loaded for size
(Font)              <7> on input line 29.
LaTeX Font Info:    External font `cmex10' loaded for size
(Font)              <5> on input line 29.
LaTeX Font Info:    Try loading font information for OMS+cmr on input line 40.
 (/sw/share/texmf/tex/latex/base/omscmr.fd
File: omscmr.fd 1999/05/25 v2.5h Standard LaTeX font definitions
)
LaTeX Font Info:    Font shape `OMS/cmr/m/n' in size <10> not available
(Font)              Font shape `OMS/cmsy/m/n' tried instead on input line 40.
 [1

{/sw/share/texmf/dvips/config/pdftex.map}]
Underfull \hbox (badness 10000) in paragraph at lines 87--96

 []

[2]
Underfull \hbox (badness 10000) in paragraph at lines 189--195

 []


Underfull \hbox (badness 10000) in paragraph at lines 206--212

 []

[3]
Missing character: There is no â in font cmr10!
Missing character: There is no ^^80 in font cmr10!
Missing character: There is no ^^99 in font cmr10!

Underfull \hbox (badness 10000) in paragraph at lines 259--260

 []


Underfull \hbox (badness 10000) in paragraph at lines 261--262

 []


Underfull \hbox (badness 10000) in paragraph at lines 276--277

 []

[4]
Underfull \hbox (badness 10000) in paragraph at lines 278--279

 []


Overfull \hbox (4.66026pt too wide) in paragraph at lines 294--294
 []  /cmtt10/"for" "(" t1=<ID> ":=" e1=Exp() ";" e = Exp() ";" t2=<ID> ":=" e2=
Exp() ")"[] 
 []

[5] (./examrevision.aux) ) 
Here is how much of TeX's memory you used:
 2416 strings out of 95437
 32287 string characters out of 1190294
 86003 words of memory out of 1000001
 5402 multiletter control sequences out of 10000+50000
 6376 words of font info for 23 fonts, out of 500000 for 1000
 14 hyphenation exceptions out of 1000
 27i,15n,36p,516b,417s stack positions out of 1500i,500n,5000p,200000b,5000s
 82 PDF objects out of 300000
 25 named destinations out of 131072
 44 words of extra memory for PDF output out of 65536
{/sw/share/texmf/dvips/tetex/74afc74c.enc}</sw/share/
texmf/fonts/type1/bluesky/cm/cmti10.pfb>{/sw/share/texmf/dvips/tetex/aae443f0.e
nc}</sw/share/texmf/fonts/type1/bluesky/cm/cmmi10.pfb>{/sw/share/texmf/dvips/te
tex/f7b6d320.enc}</sw/share/texmf/fonts/type1/bluesky/cm/cmbx5.pfb>{/sw/share/t
exmf/dvips/tetex/bbad153f.enc}</sw/share/texmf/fonts/type1/bluesky/cm/cmsy10.pf
b>{/sw/share/texmf/dvips/tetex/09fbbfac.enc}</sw/share/texmf/fonts/type1/bluesk
y/cm/cmtt10.pfb></sw/share/texmf/fonts/type1/bluesky/cm/cmbx12.pfb></sw/share/t
exmf/fonts/type1/bluesky/cm/cmbx10.pfb></sw/share/texmf/fonts/type1/bluesky/cm/
cmr10.pfb>
Output written on examrevision.pdf (5 pages, 79003 bytes).
