This is pdfTeX, Version 3.14159-1.10b (Web2C 7.4.5) (format=pdflatex 2005.10.11)  12 MAY 2009 16:20
**modelAnswers.tex
(./modelAnswers.tex{/sw/share/texmf/pdftex/config/pdftex.cfg}
LaTeX2e <2001/06/01>
Babel <v3.7h> and hyphenation patterns for american, french, german, ngerman, n
ohyphenation, loaded.
(/sw/share/texmf/tex/latex/base/article.cls
Document Class: article 2001/04/21 v1.4e Standard LaTeX document class
(/sw/share/texmf/tex/latex/base/size11.clo
File: size11.clo 2001/04/21 v1.4e Standard LaTeX file (size option)
)
\c@part=\count79
\c@section=\count80
\c@subsection=\count81
\c@subsubsection=\count82
\c@paragraph=\count83
\c@subparagraph=\count84
\c@figure=\count85
\c@table=\count86
\abovecaptionskip=\skip41
\belowcaptionskip=\skip42
\bibindent=\dimen102
)
(/sw/share/texmf/tex/latex/misc/a4wide.sty
Package: a4wide 1994/08/30

(/sw/share/texmf/tex/latex/ntgclass/a4.sty
Package: a4 1999/03/03 v1.2f A4 based page layout
))
(/sw/share/texmf/tex/latex/tools/verbatim.sty
Package: verbatim 2001/03/12 v1.5p LaTeX2e package for verbatim enhancements
\every@verbatim=\toks14
\verbatim@line=\toks15
\verbatim@in@stream=\read1
) (./modelAnswers.aux)
\openout1 = `modelAnswers.aux'.

LaTeX Font Info:    Checking defaults for OML/cmm/m/it on input line 9.
LaTeX Font Info:    ... okay on input line 9.
LaTeX Font Info:    Checking defaults for T1/cmr/m/n on input line 9.
LaTeX Font Info:    ... okay on input line 9.
LaTeX Font Info:    Checking defaults for OT1/cmr/m/n on input line 9.
LaTeX Font Info:    ... okay on input line 9.
LaTeX Font Info:    Checking defaults for OMS/cmsy/m/n on input line 9.
LaTeX Font Info:    ... okay on input line 9.
LaTeX Font Info:    Checking defaults for OMX/cmex/m/n on input line 9.
LaTeX Font Info:    ... okay on input line 9.
LaTeX Font Info:    Checking defaults for U/cmr/m/n on input line 9.
LaTeX Font Info:    ... okay on input line 9.
LaTeX Font Info:    External font `cmex10' loaded for size
(Font)              <10.95> on input line 21.
LaTeX Font Info:    External font `cmex10' loaded for size
(Font)              <8> on input line 21.
LaTeX Font Info:    External font `cmex10' loaded for size
(Font)              <6> on input line 21.
 [1

{/sw/share/texmf/dvips/config/pdftex.map}]
LaTeX Font Info:    Try loading font information for OMS+cmr on input line 108.

 (/sw/share/texmf/tex/latex/base/omscmr.fd
File: omscmr.fd 1999/05/25 v2.5h Standard LaTeX font definitions
)
LaTeX Font Info:    Font shape `OMS/cmr/m/n' in size <10.95> not available
(Font)              Font shape `OMS/cmsy/m/n' tried instead on input line 108.

[2] [3] (./modelAnswers.aux) ) 
Here is how much of TeX's memory you used:
 302 strings out of 95437
 3609 string characters out of 1190294
 51399 words of memory out of 1000001
 3360 multiletter control sequences out of 10000+50000
 8065 words of font info for 29 fonts, out of 500000 for 1000
 14 hyphenation exceptions out of 1000
 22i,7n,19p,612b,340s stack positions out of 1500i,500n,5000p,200000b,5000s
 31 PDF objects out of 300000
 0 named destinations out of 131072
 0 words of extra memory for PDF output out of 65536
{/sw/share/texmf/dvips/tetex/f7b6d320.enc}</sw/sh
are/texmf/fonts/type1/bluesky/cm/cmbx10.pfb></sw/share/texmf/fonts/type1/bluesk
y/cm/cmr8.pfb>{/sw/share/texmf/dvips/tetex/09fbbfac.enc}</sw/share/texmf/fonts/
type1/bluesky/cm/cmtt10.pfb>{/sw/share/texmf/dvips/tetex/bbad153f.enc}</sw/shar
e/texmf/fonts/type1/bluesky/cm/cmsy10.pfb>{/sw/share/texmf/dvips/tetex/aae443f0
.enc}</sw/share/texmf/fonts/type1/bluesky/cm/cmmi10.pfb></sw/share/texmf/fonts/
type1/bluesky/cm/cmr10.pfb></sw/share/texmf/fonts/type1/bluesky/cm/cmbx12.pfb>
Output written on modelAnswers.pdf (3 pages, 55701 bytes).
