This is pdfTeX, Version 3.14159-13d (Web2C 7.3.1) (format=pdflatex 2000.10.16)  20 JAN 2006 15:00
**lab2
(lab2.tex[/a/vega/export/TSG-D/teTeX/share/texmf/pdftex/config/pdftex.cfg]
LaTeX2e <1999/12/01> patch level 1
Babel <v3.6Z> and hyphenation patterns for american, french, german, ngerman, n
ohyphenation, loaded.
(/a/vega/export/TSG-D/teTeX/share/texmf/tex/latex/base/article.cls
Document Class: article 1999/09/10 v1.4a Standard LaTeX document class
(/a/vega/export/TSG-D/teTeX/share/texmf/tex/latex/base/size10.clo
File: size10.clo 1999/09/10 v1.4a Standard LaTeX file (size option)
)
\c@part=\count79
\c@section=\count80
\c@subsection=\count81
\c@subsubsection=\count82
\c@paragraph=\count83
\c@subparagraph=\count84
\c@figure=\count85
\c@table=\count86
\abovecaptionskip=\skip41
\belowcaptionskip=\skip42
\bibindent=\dimen102
)
(/a/vega/export/TSG-D/teTeX/share/texmf/tex/latex/misc/a4wide.sty
Package: a4wide 1994/08/30

(/a/vega/export/TSG-D/teTeX/share/texmf/tex/latex/ntgclass/a4.sty
Package: a4 1999/03/03 v1.2f A4 based page layout
))
(/a/vega/export/TSG-D/teTeX/share/texmf/tex/latex/hyperref/hyperref.sty
Package: hyperref 2000/01/22 v6.69c Hypertext links for LaTeX

(/a/vega/export/TSG-D/teTeX/share/texmf/tex/latex/graphics/keyval.sty
Package: keyval 1999/03/16 v1.13 key=value parser (DPC)
\KV@toks@=\toks14
)
\@linkdim=\dimen103
\Hy@linkcounter=\count87
\Hy@pagecounter=\count88

(/a/vega/export/TSG-D/teTeX/share/texmf/tex/latex/hyperref/pd1enc.def
File: pd1enc.def 1999/10/05 v0.6 PDFDocEncoding (Heiko Oberdiek)
)
Package hyperref Info: Option `breaklinks' set `true' on input line 1408.
Package hyperref Info: Option `colorlinks' set `true' on input line 1408.
Package hyperref Info: Bookmarks ON on input line 1459.
Package hyperref Info: Hyper figures OFF on input line 1478.
Package hyperref Info: Link nesting OFF on input line 1483.
Package hyperref Info: Hyper index ON on input line 1486.
Package hyperref Info: Plain pages ON on input line 1491.
Package hyperref Info: Backreferencing OFF on input line 1498.

Implicit mode ON; LaTeX internals redefined
(/a/vega/export/TSG-D/teTeX/share/texmf/tex/latex/misc/url.sty
Package: url 1999/03/02  ver 1.4  Verb mode for urls, email addresses, and file
 names
)
\Fld@menulength=\count89
\Field@Width=\dimen104
\Fld@charsize=\dimen105
\Choice@toks=\toks15
\Field@toks=\toks16
Package hyperref Info: Hyper figures OFF on input line 2108.
Package hyperref Info: Link nesting OFF on input line 2113.
Package hyperref Info: Hyper index ON on input line 2116.
Package hyperref Info: backreferencing OFF on input line 2123.
Package hyperref Info: Link coloring ON on input line 2126.
\c@Item=\count90
\c@Hfootnote=\count91
)
*hyperref using default driver hpdftex*
(/a/vega/export/TSG-D/teTeX/share/texmf/tex/latex/hyperref/hpdftex.def
(/a/vega/export/TSG-D/teTeX/share/texmf/tex/latex/psnfss/pifont.sty
Package: pifont 1999/03/29 PSNFSS v.7.2 Pi font support : S Rahtz
LaTeX Font Info:    Try loading font information for U+pzd on input line 63.

(/a/vega/export/TSG-D/teTeX/share/texmf/tex/latex/psnfss/upzd.fd
File: upzd.fd 1998/07/06 font definitions for U/pzd.
)
LaTeX Font Info:    Try loading font information for U+psy on input line 64.

(/a/vega/export/TSG-D/teTeX/share/texmf/tex/latex/psnfss/upsy.fd
File: upsy.fd 1998/07/06 font definitions for U/psy.
))
\Fld@listcount=\count92
\@outlinefile=\write3
) (lab2.aux)
\openout1 = `lab2.aux'.

LaTeX Font Info:    Checking defaults for OML/cmm/m/it on input line 9.
LaTeX Font Info:    ... okay on input line 9.
LaTeX Font Info:    Checking defaults for T1/cmr/m/n on input line 9.
LaTeX Font Info:    ... okay on input line 9.
LaTeX Font Info:    Checking defaults for OT1/cmr/m/n on input line 9.
LaTeX Font Info:    ... okay on input line 9.
LaTeX Font Info:    Checking defaults for OMS/cmsy/m/n on input line 9.
LaTeX Font Info:    ... okay on input line 9.
LaTeX Font Info:    Checking defaults for OMX/cmex/m/n on input line 9.
LaTeX Font Info:    ... okay on input line 9.
LaTeX Font Info:    Checking defaults for U/cmr/m/n on input line 9.
LaTeX Font Info:    ... okay on input line 9.
LaTeX Font Info:    Checking defaults for PD1/pdf/m/n on input line 9.
LaTeX Font Info:    ... okay on input line 9.

(/a/vega/export/TSG-D/teTeX/share/texmf/tex/latex/graphics/color.sty
Package: color 1999/02/16 v1.0i Standard LaTeX Color (DPC)

(/a/vega/export/TSG-D/teTeX/share/texmf/tex/latex/config/color.cfg)
Package color Info: Driver file: pdftex.def on input line 125.

(/a/vega/export/TSG-D/teTeX/share/texmf/tex/latex/graphics/pdftex.def
File: pdftex.def 1999/10/13 v0.02r graphics/color for pdftex
\Gread@gobject=\count93

(/a/vega/export/TSG-D/teTeX/share/texmf/tex/context/base/supp-pdf.tex
(/a/vega/export/TSG-D/teTeX/share/texmf/tex/context/base/supp-mis.tex
loading : Context Support Macros / Missing
\protectiondepth=\count94
\scratchcounter=\count95
\scratchdimen=\dimen106
\scratchskip=\skip43
\scratchmuskip=\muskip10
\scratchbox=\box26
\scratchread=\read1
\scratchwrite=\write4
\nextbox=\box27
\nextdepth=\dimen107
\everyline=\toks17
\!!counta=\count96
\!!countb=\count97
\recursecounter=\count98
)
loading : Context Support Macros / PDF
\nofMPsegments=\count99
\nofMParguments=\count100
)))
Package hyperref Info: Link coloring ON on input line 9.
 (/a/vega/export/TSG-D/teTeX/share/texmf/tex/latex/hyperref/nameref.sty
Package: nameref 2000/01/19 v2.17 Cross-referencing by name of section
\c@section@level=\count101
)
(lab2.out) (lab2.out)
\openout3 = `lab2.out'.

LaTeX Info: Redefining \ref on input line 9.
LaTeX Info: Redefining \pageref on input line 9.

Overfull \hbox (10.5791pt too wide) in paragraph at lines 82--85
[]\OT1/cmr/m/n/10 Another ex-am-ple can be found in []\OT1/cmtt/m/n/10 /soi/sw/
courses/daveb/IN2009/appel2.9 \OT1/cmr/m/n/10 (see the README
 []

[1

[/a/vega/export/TSG-D/teTeX/share/texmf/dvips/config/pdftex.map]] (lab2.aux) ) 
Here is how much of TeX's memory you used:
 2021 strings out of 10631
 26712 string characters out of 68374
 75523 words of memory out of 263001
 5010 multiletter control sequences out of 10000+0
 5757 words of font info for 21 fonts, out of 400000 for 1000
 14 hyphenation exceptions out of 1000
 27i,5n,21p,262b,203s stack positions out of 300i,100n,500p,50000b,4000s
<
cmtt10.pfb><cmti10.pfb><cmr10.pfb><cmbx10.pfb><cmbx12.pfb>
Output written on lab2.pdf (1 page, 52304 bytes).
